<?xml version="1.0" encoding="UTF-8"?>
<!-- Generated by org.testng.reporters.JUnitReportReporter -->
<testsuite hostname="Gargi_Laptop" failures="0" tests="5" name="testCases.TC_VideoGameAPI" time="3.432" errors="0" timestamp="2024-07-10T14:17:18 EDT" skipped="0">
  <testcase classname="testCases.TC_VideoGameAPI" name="test_getAllVideoGames" time="1.980"/>
  <testcase classname="testCases.TC_VideoGameAPI" name="test_addNewVideoGames" time="0.594"/>
  <testcase classname="testCases.TC_VideoGameAPI" name="test_getVideoGame" time="0.732"/>
  <testcase classname="testCases.TC_VideoGameAPI" name="test_updateVideoGame" time="0.096"/>
  <testcase classname="testCases.TC_VideoGameAPI" name="test_deleteVideoGame" time="0.030"/>
</testsuite> <!-- testCases.TC_VideoGameAPI -->
